<?xml version="1.0" encoding="UTF-8"?>
<!-- Generated by org.testng.reporters.JUnitReportReporter -->
<testsuite hostname="DESKTOP-GA3FTFK" failures="0" tests="1" name="TestDemoMaven1.TestDemoMaven1.AppTest" time="0.063" errors="0" timestamp="2023-06-23T09:16:50 IST" skipped="0">
  <testcase classname="TestDemoMaven1.TestDemoMaven1.AppTest" name="shouldAnswerWithTrue" time="0.063"/>
</testsuite> <!-- TestDemoMaven1.TestDemoMaven1.AppTest -->
